#
# A fatal error has been detected by the Java Runtime Environment:
#
#  SIGSEGV (0xb) at pc=0x0000000106e492c8, pid=70809, tid=16899
#
# JRE version: Java(TM) SE Runtime Environment (8.0_74-b02) (build 1.8.0_74-b02)
# Java VM: Java HotSpot(TM) 64-Bit Server VM (25.74-b02 mixed mode bsd-amd64 compressed oops)
# Problematic frame:
# V  [libjvm.dylib+0x4462c8]
#
# Failed to write core dump. Core dumps have been disabled. To enable core dumping, try "ulimit -c unlimited" before starting Java again
#
# If you would like to submit a bug report, please visit:
#   http://bugreport.java.com/bugreport/crash.jsp
#

---------------  T H R E A D  ---------------

Current thread (0x00007fe6bc01e000):  JavaThread "JDWP Transport Listener: dt_socket" daemon [_thread_in_vm, id=16899, stack(0x0000700000ab8000,0x0000700000bb8000)]

siginfo: si_signo: 11 (SIGSEGV), si_code: 0 (unknown), si_addr: 0x0000000000000000

Registers:
RAX=0x0000000000000001, RBX=0x0000700000bb7a8b, RCX=0x0000000107218340, RDX=0x0000700000bb7a8b
RSP=0x0000700000bb79d0, RBP=0x0000700000bb79e0, RSI=0x00007fe6bc01e000, RDI=0x1000000000000000
R8 =0x0000000000000000, R9 =0x00007fe6bb4daba0, R10=0x00000000f4749bb4, R11=0x00007fe6bb400000
R12=0x00007fe6bc01e000, R13=0x1000000000000000, R14=0x1000000000000000, R15=0x00007fe6bb6098d0
RIP=0x0000000106e492c8, EFLAGS=0x0000000000010206, ERR=0x0000000000000000
  TRAPNO=0x000000000000000d

Top of Stack: (sp=0x0000700000bb79d0)
0x0000700000bb79d0:   0000700000bb7a8b 0000700000bb7a8b
0x0000700000bb79e0:   0000700000bb7a40 0000000106d582fe
0x0000700000bb79f0:   00007fe6bc01e000 0000000000000000
0x0000700000bb7a00:   0000000000000000 0000000000000000
0x0000700000bb7a10:   00007fe6bc01e000 00007fe6bc01e000
0x0000700000bb7a20:   0000700000bb7a8b 0000700000bb7a90
0x0000700000bb7a30:   1000000000000000 000000000000000d
0x0000700000bb7a40:   0000700000bb7a60 0000000108220780
0x0000700000bb7a50:   0000000000000001 0000700000bb7b08
0x0000700000bb7a60:   0000700000bb7ad0 00000001082051f3
0x0000700000bb7a70:   0000700000bb7aa0 00007fe6bb4dc260
0x0000700000bb7a80:   0000000e00000032 f000100a01bb7b08
0x0000700000bb7a90:   0000000000000000 0000000000000000
0x0000700000bb7aa0:   0000000000000000 0000700000bb7c90
0x0000700000bb7ab0:   0000000108227e7a 00007fe6bb681990
0x0000700000bb7ac0:   0000700000bb7b08 0000000108233598
0x0000700000bb7ad0:   0000700000bb7ae0 00000001082052ec
0x0000700000bb7ae0:   0000700000bb7d00 000000010820e898
0x0000700000bb7af0:   00000c6400000013 00000000000f0200
0x0000700000bb7b00:   00007fe6bb696d70 00007fe6bc445dc0
0x0000700000bb7b10:   00007fe6000002f0 00007fe6bb4dc2d0
0x0000700000bb7b20:   000000000000012c 0000700000bb7b58
0x0000700000bb7b30:   00007fe6bb4ec8e0 0000000000000000
0x0000700000bb7b40:   00000c640000001c 00007fff00004c80
0x0000700000bb7b50:   0000700000bb7b58 e67f00000e000000
0x0000700000bb7b60:   0800000038ff63bb 3e74696e696c633c
0x0000700000bb7b70:   0056292803000000 0008000000000000
0x0000700000bb7b80:   0030ff63bbe67f00 74696e693c060000
0x0000700000bb7b90:   6f4c28250000003e 2f6967736f2f6772
0x0000700000bb7ba0:   726f77656d617266 656c646e75422f6b
0x0000700000bb7bb0:   3b747865746e6f43 0000000000005629
0x0000700000bb7bc0:   63bbe67f00000100 65671400000068ff 

Instructions: (pc=0x0000000106e492c8)
0x0000000106e492a8:   40 48 48 85 c0 75 e0 30 c0 0f b6 c0 5d c3 31 c0
0x0000000106e492b8:   5d c3 55 48 89 e5 53 48 83 ec 08 48 85 ff 74 24
0x0000000106e492c8:   48 8b 1f 48 85 db 74 1c 48 83 fb 37 74 16 48 8b
0x0000000106e492d8:   03 48 89 df ff 50 10 84 c0 b8 00 00 00 00 48 0f 

Register to memory mapping:

RAX=0x0000000000000001 is an unknown value
RBX=0x0000700000bb7a8b is pointing into the stack for thread: 0x00007fe6bc01e000
RCX=0x0000000107218340: UseMembar+0 in /Library/Java/JavaVirtualMachines/jdk1.8.0_74.jdk/Contents/Home/jre/lib/server/libjvm.dylib at 0x0000000106a03000
RDX=0x0000700000bb7a8b is pointing into the stack for thread: 0x00007fe6bc01e000
RSP=0x0000700000bb79d0 is pointing into the stack for thread: 0x00007fe6bc01e000
RBP=0x0000700000bb79e0 is pointing into the stack for thread: 0x00007fe6bc01e000
RSI=0x00007fe6bc01e000 is a thread
RDI=0x1000000000000000 is an unknown value
R8 =0x0000000000000000 is an unknown value
R9 =0x00007fe6bb4daba0 is an unknown value
R10=0x00000000f4749bb4 is an unknown value
R11=0x00007fe6bb400000 is an unknown value
R12=0x00007fe6bc01e000 is a thread
R13=0x1000000000000000 is an unknown value
R14=0x1000000000000000 is an unknown value
R15=0x00007fe6bb6098d0 is an unknown value


Stack: [0x0000700000ab8000,0x0000700000bb8000],  sp=0x0000700000bb79d0,  free space=1022k
Native frames: (J=compiled Java code, j=interpreted, Vv=VM code, C=native code)
V  [libjvm.dylib+0x4462c8]
V  [libjvm.dylib+0x3552fe]
C  [libjdwp.dylib+0x20780]  isMethodSynthetic+0x63
C  [libjdwp.dylib+0x51f3]  methods1+0x10b
C  [libjdwp.dylib+0x52ec]  methodsWithGeneric+0xe
C  [libjdwp.dylib+0xe898]  debugLoop_run+0x1ce
C  [libjdwp.dylib+0x1f6ba]  attachThread+0x4d
V  [libjvm.dylib+0x39665c]
V  [libjvm.dylib+0x560e03]
V  [libjvm.dylib+0x5624fe]
V  [libjvm.dylib+0x482eda]
C  [libsystem_pthread.dylib+0x399d]  _pthread_body+0x83
C  [libsystem_pthread.dylib+0x391a]  _pthread_body+0x0
C  [libsystem_pthread.dylib+0x1351]  thread_start+0xd
C  0x0000000000000000


---------------  P R O C E S S  ---------------

Java Threads: ( => current thread )
  0x00007fe6bba11000 JavaThread "org.eclipse.jetty.server.session.HashSessionManager@7fc44decTimer" daemon [_thread_blocked, id=31235, stack(0x000070000270c000,0x000070000280c000)]
  0x00007fe6bcae8800 JavaThread "qtp992086987-54" [_thread_blocked, id=30723, stack(0x0000700002609000,0x0000700002709000)]
  0x00007fe6bcae8000 JavaThread "qtp992086987-53" [_thread_blocked, id=30211, stack(0x0000700002506000,0x0000700002606000)]
  0x00007fe6bc293000 JavaThread "qtp992086987-52" [_thread_blocked, id=29699, stack(0x0000700002403000,0x0000700002503000)]
  0x00007fe6bd445000 JavaThread "qtp992086987-51" [_thread_blocked, id=29187, stack(0x0000700002300000,0x0000700002400000)]
  0x00007fe6bcae7000 JavaThread "qtp992086987-50" [_thread_blocked, id=28675, stack(0x00007000021fd000,0x00007000022fd000)]
  0x00007fe6bcae6800 JavaThread "qtp992086987-49-acceptor-0@f8908f6-ServerConnector@5489c777{HTTP/1.1}{0.0.0.0:8080}" [_thread_in_native, id=28163, stack(0x00007000020fa000,0x00007000021fa000)]
  0x00007fe6bcae5800 JavaThread "qtp992086987-48-selector-ServerConnectorManager@2ca65ce4/0" [_thread_in_native, id=27651, stack(0x0000700001ff7000,0x00007000020f7000)]
  0x00007fe6bcae0800 JavaThread "qtp992086987-47-selector-ServerConnectorManager@2ca65ce4/1" [_thread_in_native, id=23315, stack(0x00007000017df000,0x00007000018df000)]
  0x00007fe6bd3ae000 JavaThread "Timer-1" daemon [_thread_blocked, id=27139, stack(0x0000700001ef4000,0x0000700001ff4000)]
  0x00007fe6bd419000 JavaThread "NanoHttpd Main Listener" daemon [_thread_in_native, id=26627, stack(0x0000700001df1000,0x0000700001ef1000)]
  0x00007fe6bd3b1800 JavaThread "CM Event Dispatcher" daemon [_thread_blocked, id=26115, stack(0x0000700001cee000,0x0000700001dee000)]
  0x00007fe6bd3a5000 JavaThread "CM Configuration Updater" daemon [_thread_blocked, id=25603, stack(0x0000700001beb000,0x0000700001ceb000)]
  0x00007fe6bba08800 JavaThread "Gogo shell" [_thread_in_native, id=24327, stack(0x0000700001ae8000,0x0000700001be8000)]
  0x00007fe6bd407800 JavaThread "Thread-4" [_thread_blocked, id=24071, stack(0x00007000019e5000,0x0000700001ae5000)]
  0x00007fe6bc94a800 JavaThread "NanoHttpd Main Listener" [_thread_in_native, id=25095, stack(0x00007000018e2000,0x00007000019e2000)]
  0x00007fe6bd105800 JavaThread "FelixStartLevel" daemon [_thread_blocked, id=23047, stack(0x00007000016dc000,0x00007000017dc000)]
  0x00007fe6bc0e3800 JavaThread "FrameworkWaiter" [_thread_blocked, id=22279, stack(0x00007000015d9000,0x00007000016d9000)]
  0x00007fe6bd14c800 JavaThread "FelixFrameworkWiring" daemon [_thread_blocked, id=22023, stack(0x00007000014d6000,0x00007000015d6000)]
  0x00007fe6bd004000 JavaThread "FelixDispatchQueue" [_thread_blocked, id=21507, stack(0x00007000013d3000,0x00007000014d3000)]
  0x00007fe6bc07b800 JavaThread "Timer-0" daemon [_thread_blocked, id=20995, stack(0x00007000012d0000,0x00007000013d0000)]
  0x00007fe6bc022000 JavaThread "Service Thread" daemon [_thread_blocked, id=19971, stack(0x00007000010ca000,0x00007000011ca000)]
  0x00007fe6bc021800 JavaThread "C1 CompilerThread2" daemon [_thread_blocked, id=19459, stack(0x0000700000fc7000,0x00007000010c7000)]
  0x00007fe6bc01d000 JavaThread "C2 CompilerThread1" daemon [_thread_blocked, id=18947, stack(0x0000700000ec4000,0x0000700000fc4000)]
  0x00007fe6bd031000 JavaThread "C2 CompilerThread0" daemon [_thread_blocked, id=18435, stack(0x0000700000dc1000,0x0000700000ec1000)]
  0x00007fe6bc01f800 JavaThread "JDWP Command Reader" daemon [_thread_in_native, id=17923, stack(0x0000700000cbe000,0x0000700000dbe000)]
  0x00007fe6bc01f000 JavaThread "JDWP Event Helper Thread" daemon [_thread_blocked, id=17411, stack(0x0000700000bbb000,0x0000700000cbb000)]
=>0x00007fe6bc01e000 JavaThread "JDWP Transport Listener: dt_socket" daemon [_thread_in_vm, id=16899, stack(0x0000700000ab8000,0x0000700000bb8000)]
  0x00007fe6bc008000 JavaThread "Signal Dispatcher" daemon [_thread_blocked, id=12815, stack(0x00007000009b5000,0x0000700000ab5000)]
  0x00007fe6bd02d000 JavaThread "Finalizer" daemon [_thread_blocked, id=12291, stack(0x000070000082f000,0x000070000092f000)]
  0x00007fe6bd02a800 JavaThread "Reference Handler" daemon [_thread_blocked, id=11779, stack(0x000070000072c000,0x000070000082c000)]
  0x00007fe6bc00b000 JavaThread "main" [_thread_blocked, id=5891, stack(0x000070000011a000,0x000070000021a000)]

Other Threads:
  0x00007fe6bb807000 VMThread [stack: 0x0000700000629000,0x0000700000729000] [id=11267]
  0x00007fe6bb82a000 WatcherThread [stack: 0x00007000011cd000,0x00007000012cd000] [id=20483]

VM state:not at safepoint (normal execution)

VM Mutex/Monitor currently owned by a thread: None

Heap:
 PSYoungGen      total 38400K, used 36751K [0x0000000795580000, 0x000000079a080000, 0x00000007c0000000)
  eden space 33280K, 95% used [0x0000000795580000,0x0000000797467500,0x0000000797600000)
  from space 5120K, 99% used [0x0000000797b00000,0x0000000797ffc8f0,0x0000000798000000)
  to   space 5120K, 0% used [0x0000000797600000,0x0000000797600000,0x0000000797b00000)
 ParOldGen       total 87552K, used 5770K [0x0000000740000000, 0x0000000745580000, 0x0000000795580000)
  object space 87552K, 6% used [0x0000000740000000,0x00000007405a2ba0,0x0000000745580000)
 Metaspace       used 16931K, capacity 17874K, committed 17920K, reserved 1064960K
  class space    used 1976K, capacity 2264K, committed 2304K, reserved 1048576K

Card table byte_map: [0x000000011760b000,0x0000000117a0c000] byte_map_base: 0x0000000113c0b000

Marking Bits: (ParMarkBitMap*) 0x00000001072e6ea0
 Begin Bits: [0x0000000117cb7000, 0x0000000119cb7000)
 End Bits:   [0x0000000119cb7000, 0x000000011bcb7000)

Polling page: 0x00000001079d9000

CodeCache: size=245760Kb used=4888Kb max_used=4899Kb free=240871Kb
 bounds [0x000000010824b000, 0x000000010871b000, 0x000000011724b000]
 total_blobs=1756 nmethods=1402 adapters=275
 compilation: enabled

Compilation events (10 events):
Event: 24.166 Thread 0x00007fe6bc021800 1399       3       java.util.regex.Pattern::compile (406 bytes)
Event: 24.173 Thread 0x00007fe6bc021800 nmethod 1399 0x000000010870a610 code [0x000000010870a9c0, 0x000000010870cc88]
Event: 24.173 Thread 0x00007fe6bc021800 1400       1       java.util.Calendar::internalSet (8 bytes)
Event: 24.173 Thread 0x00007fe6bc021800 nmethod 1400 0x0000000108703110 code [0x0000000108703260, 0x0000000108703390]
Event: 24.173 Thread 0x00007fe6bc021800 1398       3       java.util.regex.Pattern::<init> (90 bytes)
Event: 24.174 Thread 0x00007fe6bc021800 nmethod 1398 0x0000000108701150 code [0x0000000108701320, 0x0000000108701bf8]
Event: 24.248 Thread 0x00007fe6bc01d000 1401       4       java.lang.ThreadLocal$ThreadLocalMap::getEntry (42 bytes)
Event: 24.252 Thread 0x00007fe6bc01d000 nmethod 1401 0x0000000108704a50 code [0x0000000108704bc0, 0x0000000108704ef8]
Event: 60.251 Thread 0x00007fe6bc021800 1402       3       java.util.TaskQueue::isEmpty (13 bytes)
Event: 60.251 Thread 0x00007fe6bc021800 nmethod 1402 0x0000000108702cd0 code [0x0000000108702e40, 0x0000000108702ff0]

GC Heap History (4 events):
Event: 1.144 GC heap before
{Heap before GC invocations=1 (full 0):
 PSYoungGen      total 38400K, used 33280K [0x0000000795580000, 0x0000000798000000, 0x00000007c0000000)
  eden space 33280K, 100% used [0x0000000795580000,0x0000000797600000,0x0000000797600000)
  from space 5120K, 0% used [0x0000000797b00000,0x0000000797b00000,0x0000000798000000)
  to   space 5120K, 0% used [0x0000000797600000,0x0000000797600000,0x0000000797b00000)
 ParOldGen       total 87552K, used 0K [0x0000000740000000, 0x0000000745580000, 0x0000000795580000)
  object space 87552K, 0% used [0x0000000740000000,0x0000000740000000,0x0000000745580000)
 Metaspace       used 8030K, capacity 8322K, committed 8448K, reserved 1056768K
  class space    used 881K, capacity 977K, committed 1024K, reserved 1048576K
Event: 1.153 GC heap after
Heap after GC invocations=1 (full 0):
 PSYoungGen      total 38400K, used 5115K [0x0000000795580000, 0x0000000798000000, 0x00000007c0000000)
  eden space 33280K, 0% used [0x0000000795580000,0x0000000795580000,0x0000000797600000)
  from space 5120K, 99% used [0x0000000797600000,0x0000000797afee70,0x0000000797b00000)
  to   space 5120K, 0% used [0x0000000797b00000,0x0000000797b00000,0x0000000798000000)
 ParOldGen       total 87552K, used 708K [0x0000000740000000, 0x0000000745580000, 0x0000000795580000)
  object space 87552K, 0% used [0x0000000740000000,0x00000007400b1270,0x0000000745580000)
 Metaspace       used 8030K, capacity 8322K, committed 8448K, reserved 1056768K
  class space    used 881K, capacity 977K, committed 1024K, reserved 1048576K
}
Event: 1.825 GC heap before
{Heap before GC invocations=2 (full 0):
 PSYoungGen      total 38400K, used 38395K [0x0000000795580000, 0x0000000798000000, 0x00000007c0000000)
  eden space 33280K, 100% used [0x0000000795580000,0x0000000797600000,0x0000000797600000)
  from space 5120K, 99% used [0x0000000797600000,0x0000000797afee70,0x0000000797b00000)
  to   space 5120K, 0% used [0x0000000797b00000,0x0000000797b00000,0x0000000798000000)
 ParOldGen       total 87552K, used 708K [0x0000000740000000, 0x0000000745580000, 0x0000000795580000)
  object space 87552K, 0% used [0x0000000740000000,0x00000007400b1270,0x0000000745580000)
 Metaspace       used 14908K, capacity 15702K, committed 15872K, reserved 1062912K
  class space    used 1680K, capacity 1964K, committed 2048K, reserved 1048576K
Event: 1.840 GC heap after
Heap after GC invocations=2 (full 0):
 PSYoungGen      total 38400K, used 5106K [0x0000000795580000, 0x000000079a080000, 0x00000007c0000000)
  eden space 33280K, 0% used [0x0000000795580000,0x0000000795580000,0x0000000797600000)
  from space 5120K, 99% used [0x0000000797b00000,0x0000000797ffc8f0,0x0000000798000000)
  to   space 5120K, 0% used [0x0000000797600000,0x0000000797600000,0x0000000797b00000)
 ParOldGen       total 87552K, used 5770K [0x0000000740000000, 0x0000000745580000, 0x0000000795580000)
  object space 87552K, 6% used [0x0000000740000000,0x00000007405a2ba0,0x0000000745580000)
 Metaspace       used 14908K, capacity 15702K, committed 15872K, reserved 1062912K
  class space    used 1680K, capacity 1964K, committed 2048K, reserved 1048576K
}

Deoptimization events (10 events):
Event: 1.337 Thread 0x00007fe6bba08800 Uncommon trap: reason=unstable_if action=reinterpret pc=0x00000001083b8a20 method=java.util.Properties.loadConvert([CII[C)Ljava/lang/String; @ 57
Event: 1.338 Thread 0x00007fe6bba08800 Uncommon trap: reason=unstable_if action=reinterpret pc=0x00000001085336e4 method=java.lang.AbstractStringBuilder.append(Ljava/lang/String;)Ljava/lang/AbstractStringBuilder; @ 1
Event: 1.338 Thread 0x00007fe6bba08800 Uncommon trap: reason=unstable_if action=reinterpret pc=0x000000010843911c method=java.lang.AbstractStringBuilder.append(Ljava/lang/String;)Ljava/lang/AbstractStringBuilder; @ 1
Event: 1.344 Thread 0x00007fe6bba08800 Uncommon trap: reason=unstable_if action=reinterpret pc=0x00000001083adf4c method=java.lang.String.startsWith(Ljava/lang/String;I)Z @ 25
Event: 1.347 Thread 0x00007fe6bba08800 Uncommon trap: reason=class_check action=maybe_recompile pc=0x00000001083e2164 method=java.lang.String.equals(Ljava/lang/Object;)Z @ 8
Event: 1.350 Thread 0x00007fe6bba08800 Uncommon trap: reason=unstable_if action=reinterpret pc=0x00000001083f0ee0 method=java.lang.CharacterData.of(I)Ljava/lang/CharacterData; @ 4
Event: 1.353 Thread 0x00007fe6bba08800 Uncommon trap: reason=class_check action=maybe_recompile pc=0x00000001083e2164 method=java.lang.String.equals(Ljava/lang/Object;)Z @ 8
Event: 1.634 Thread 0x00007fe6bc00b000 Uncommon trap: reason=unstable_if action=reinterpret pc=0x00000001084b7a3c method=java.lang.CharacterDataLatin1.digit(II)I @ 31
Event: 1.748 Thread 0x00007fe6bc00b000 Uncommon trap: reason=unstable_if action=reinterpret pc=0x00000001086666ac method=java.lang.ClassLoader.checkName(Ljava/lang/String;)Z @ 20
Event: 9.445 Thread 0x00007fe6bc962800 Uncommon trap: reason=unstable_if action=reinterpret pc=0x000000010845a538 method=java.lang.String.trim()Ljava/lang/String; @ 15

Internal exceptions (10 events):
Event: 22.891 Thread 0x00007fe6bc962800 Exception <a 'java/lang/ArrayIndexOutOfBoundsException'> (0x0000000796f2e4e8) thrown at [/Users/java_re/workspace/8-2-build-macosx-x86_64/jdk8u74/6087/hotspot/src/share/vm/runtime/sharedRuntime.cpp, line 605]
Event: 22.891 Thread 0x00007fe6bc962800 Exception <a 'java/lang/ArrayIndexOutOfBoundsException'> (0x0000000796f30198) thrown at [/Users/java_re/workspace/8-2-build-macosx-x86_64/jdk8u74/6087/hotspot/src/share/vm/runtime/sharedRuntime.cpp, line 605]
Event: 22.892 Thread 0x00007fe6bc962800 Exception <a 'java/lang/ArrayIndexOutOfBoundsException'> (0x0000000796f31688) thrown at [/Users/java_re/workspace/8-2-build-macosx-x86_64/jdk8u74/6087/hotspot/src/share/vm/runtime/sharedRuntime.cpp, line 605]
Event: 22.892 Thread 0x00007fe6bc962800 Exception <a 'java/lang/ArrayIndexOutOfBoundsException'> (0x0000000796f32de0) thrown at [/Users/java_re/workspace/8-2-build-macosx-x86_64/jdk8u74/6087/hotspot/src/share/vm/runtime/sharedRuntime.cpp, line 605]
Event: 22.893 Thread 0x00007fe6bc962800 Exception <a 'java/lang/ArrayIndexOutOfBoundsException'> (0x0000000796f34a88) thrown at [/Users/java_re/workspace/8-2-build-macosx-x86_64/jdk8u74/6087/hotspot/src/share/vm/runtime/sharedRuntime.cpp, line 605]
Event: 22.893 Thread 0x00007fe6bc962800 Exception <a 'java/lang/ArrayIndexOutOfBoundsException'> (0x0000000796f35c88) thrown at [/Users/java_re/workspace/8-2-build-macosx-x86_64/jdk8u74/6087/hotspot/src/share/vm/runtime/sharedRuntime.cpp, line 605]
Event: 22.893 Thread 0x00007fe6bc962800 Exception <a 'java/lang/ArrayIndexOutOfBoundsException'> (0x0000000796f36d38) thrown at [/Users/java_re/workspace/8-2-build-macosx-x86_64/jdk8u74/6087/hotspot/src/share/vm/runtime/sharedRuntime.cpp, line 605]
Event: 22.920 Thread 0x00007fe6bc962800 Exception <a 'java/lang/ArrayIndexOutOfBoundsException'> (0x000000079707e158) thrown at [/Users/java_re/workspace/8-2-build-macosx-x86_64/jdk8u74/6087/hotspot/src/share/vm/runtime/sharedRuntime.cpp, line 605]
Event: 22.920 Thread 0x00007fe6bc962800 Exception <a 'java/lang/ArrayIndexOutOfBoundsException'> (0x000000079707f458) thrown at [/Users/java_re/workspace/8-2-build-macosx-x86_64/jdk8u74/6087/hotspot/src/share/vm/runtime/sharedRuntime.cpp, line 605]
Event: 29.173 Thread 0x00007fe6bc962800 Exception <a 'java/net/SocketTimeoutException': Read timed out> (0x00000007973dd9b0) thrown at [/Users/java_re/workspace/8-2-build-macosx-x86_64/jdk8u74/6087/hotspot/src/share/vm/prims/jni.cpp, line 735]

Events (10 events):
Event: 29.173 Executing VM operation: RevokeBias done
Event: 29.173 Thread 0x00007fe6bc962800 DEOPT PACKING pc=0x000000010854b594 sp=0x000070000290e710
Event: 29.173 Thread 0x00007fe6bc962800 DEOPT UNPACKING pc=0x0000000108292633 sp=0x000070000290e4b8 mode 1
Event: 29.173 Executing VM operation: RevokeBias
Event: 29.173 Executing VM operation: RevokeBias done
Event: 29.173 Thread 0x00007fe6bc962800 Thread exited: 0x00007fe6bc962800
Event: 31.768 loading class java/util/concurrent/ConcurrentHashMap$ValueIterator
Event: 31.769 loading class java/util/concurrent/ConcurrentHashMap$ValueIterator done
Event: 87.115 Executing VM operation: RedefineClasses
Event: 87.135 Executing VM operation: RedefineClasses done


Dynamic libraries:
0x000000000ac21000 	/System/Library/Frameworks/Cocoa.framework/Versions/A/Cocoa
0x000000000ac21000 	/System/Library/Frameworks/Security.framework/Versions/A/Security
0x000000000ac21000 	/System/Library/Frameworks/ApplicationServices.framework/Versions/A/ApplicationServices
0x000000000ac21000 	/usr/lib/libz.1.dylib
0x000000000ac21000 	/usr/lib/libSystem.B.dylib
0x000000000ac21000 	/usr/lib/libobjc.A.dylib
0x000000000ac21000 	/System/Library/Frameworks/CoreFoundation.framework/Versions/A/CoreFoundation
0x000000000ac21000 	/System/Library/Frameworks/Foundation.framework/Versions/C/Foundation
0x000000000ac21000 	/System/Library/Frameworks/AppKit.framework/Versions/C/AppKit
0x000000000ac21000 	/System/Library/Frameworks/CoreData.framework/Versions/A/CoreData
0x000000000ac21000 	/System/Library/PrivateFrameworks/RemoteViewServices.framework/Versions/A/RemoteViewServices
0x000000000ac21000 	/System/Library/PrivateFrameworks/UIFoundation.framework/Versions/A/UIFoundation
0x000000000ac21000 	/usr/lib/libScreenReader.dylib
0x000000000ac21000 	/System/Library/Frameworks/Accelerate.framework/Versions/A/Accelerate
0x000000000ac21000 	/System/Library/Frameworks/IOSurface.framework/Versions/A/IOSurface
0x000000000ac21000 	/System/Library/Frameworks/AudioToolbox.framework/Versions/A/AudioToolbox
0x000000000ac21000 	/System/Library/Frameworks/AudioUnit.framework/Versions/A/AudioUnit
0x000000000ac21000 	/System/Library/PrivateFrameworks/DataDetectorsCore.framework/Versions/A/DataDetectorsCore
0x000000000ac21000 	/System/Library/PrivateFrameworks/DesktopServicesPriv.framework/Versions/A/DesktopServicesPriv
0x000000000ac21000 	/System/Library/Frameworks/Carbon.framework/Versions/A/Frameworks/HIToolbox.framework/Versions/A/HIToolbox
0x000000000ac21000 	/System/Library/Frameworks/QuartzCore.framework/Versions/A/QuartzCore
0x000000000ac21000 	/System/Library/Frameworks/Carbon.framework/Versions/A/Frameworks/SpeechRecognition.framework/Versions/A/SpeechRecognition
0x000000000ac21000 	/usr/lib/libauto.dylib
0x000000000ac21000 	/usr/lib/libicucore.A.dylib
0x000000000ac21000 	/usr/lib/libxml2.2.dylib
0x000000000ac21000 	/System/Library/PrivateFrameworks/CoreUI.framework/Versions/A/CoreUI
0x000000000ac21000 	/System/Library/Frameworks/CoreAudio.framework/Versions/A/CoreAudio
0x000000000ac21000 	/System/Library/Frameworks/DiskArbitration.framework/Versions/A/DiskArbitration
0x000000000ac21000 	/usr/lib/liblangid.dylib
0x000000000ac21000 	/System/Library/PrivateFrameworks/MultitouchSupport.framework/Versions/A/MultitouchSupport
0x000000000ac21000 	/System/Library/Frameworks/IOKit.framework/Versions/A/IOKit
0x000000000ac21000 	/usr/lib/libDiagnosticMessagesClient.dylib
0x000000000ac21000 	/System/Library/Frameworks/CoreServices.framework/Versions/A/CoreServices
0x000000000ac21000 	/System/Library/PrivateFrameworks/PerformanceAnalysis.framework/Versions/A/PerformanceAnalysis
0x000000000ac21000 	/System/Library/PrivateFrameworks/GenerationalStorage.framework/Versions/A/GenerationalStorage
0x000000000ac21000 	/System/Library/Frameworks/OpenGL.framework/Versions/A/OpenGL
0x000000000ac21000 	/System/Library/PrivateFrameworks/Sharing.framework/Versions/A/Sharing
0x000000000ac21000 	/System/Library/Frameworks/CoreGraphics.framework/Versions/A/CoreGraphics
0x000000000ac21000 	/System/Library/Frameworks/CoreImage.framework/Versions/A/CoreImage
0x000000000ac21000 	/System/Library/Frameworks/CoreText.framework/Versions/A/CoreText
0x000000000ac21000 	/System/Library/Frameworks/ImageIO.framework/Versions/A/ImageIO
0x000000000ac21000 	/System/Library/PrivateFrameworks/Backup.framework/Versions/A/Backup
0x000000000ac21000 	/usr/lib/libextension.dylib
0x000000000ac21000 	/usr/lib/libarchive.2.dylib
0x000000000ac21000 	/System/Library/Frameworks/CFNetwork.framework/Versions/A/CFNetwork
0x000000000ac21000 	/System/Library/Frameworks/SystemConfiguration.framework/Versions/A/SystemConfiguration
0x000000000ac21000 	/usr/lib/libCRFSuite.dylib
0x000000000ac21000 	/usr/lib/libc++.1.dylib
0x000000000ac21000 	/usr/lib/libc++abi.dylib
0x000000000ac21000 	/usr/lib/system/libcache.dylib
0x000000000ac21000 	/usr/lib/system/libcommonCrypto.dylib
0x000000000ac21000 	/usr/lib/system/libcompiler_rt.dylib
0x000000000ac21000 	/usr/lib/system/libcopyfile.dylib
0x000000000ac21000 	/usr/lib/system/libcorecrypto.dylib
0x000000000ac21000 	/usr/lib/system/libdispatch.dylib
0x000000000ac21000 	/usr/lib/system/libdyld.dylib
0x000000000ac21000 	/usr/lib/system/libkeymgr.dylib
0x000000000ac21000 	/usr/lib/system/liblaunch.dylib
0x000000000ac21000 	/usr/lib/system/libmacho.dylib
0x000000000ac21000 	/usr/lib/system/libquarantine.dylib
0x000000000ac21000 	/usr/lib/system/libremovefile.dylib
0x000000000ac21000 	/usr/lib/system/libsystem_asl.dylib
0x000000000ac21000 	/usr/lib/system/libsystem_blocks.dylib
0x000000000ac21000 	/usr/lib/system/libsystem_c.dylib
0x000000000ac21000 	/usr/lib/system/libsystem_configuration.dylib
0x000000000ac21000 	/usr/lib/system/libsystem_coreservices.dylib
0x000000000ac21000 	/usr/lib/system/libsystem_coretls.dylib
0x000000000ac21000 	/usr/lib/system/libsystem_dnssd.dylib
0x000000000ac21000 	/usr/lib/system/libsystem_info.dylib
0x000000000ac21000 	/usr/lib/system/libsystem_kernel.dylib
0x000000000ac21000 	/usr/lib/system/libsystem_m.dylib
0x000000000ac21000 	/usr/lib/system/libsystem_malloc.dylib
0x000000000ac21000 	/usr/lib/system/libsystem_network.dylib
0x000000000ac21000 	/usr/lib/system/libsystem_networkextension.dylib
0x000000000ac21000 	/usr/lib/system/libsystem_notify.dylib
0x000000000ac21000 	/usr/lib/system/libsystem_platform.dylib
0x000000000ac21000 	/usr/lib/system/libsystem_pthread.dylib
0x000000000ac21000 	/usr/lib/system/libsystem_sandbox.dylib
0x000000000ac21000 	/usr/lib/system/libsystem_secinit.dylib
0x000000000ac21000 	/usr/lib/system/libsystem_trace.dylib
0x000000000ac21000 	/usr/lib/system/libunc.dylib
0x000000000ac21000 	/usr/lib/system/libunwind.dylib
0x000000000ac21000 	/usr/lib/system/libxpc.dylib
0x000000000ac21000 	/usr/lib/libenergytrace.dylib
0x000000000ac21000 	/usr/lib/libbsm.0.dylib
0x000000000ac21000 	/usr/lib/system/libkxld.dylib
0x000000000ac21000 	/usr/lib/libxar.1.dylib
0x000000000ac21000 	/usr/lib/libsqlite3.dylib
0x000000000ac21000 	/usr/lib/libpam.2.dylib
0x000000000ac21000 	/usr/lib/libOpenScriptingUtil.dylib
0x000000000ac21000 	/usr/lib/libbz2.1.0.dylib
0x000000000ac21000 	/usr/lib/liblzma.5.dylib
0x000000000ac21000 	/System/Library/Frameworks/CoreServices.framework/Versions/A/Frameworks/FSEvents.framework/Versions/A/FSEvents
0x000000000ac21000 	/System/Library/Frameworks/CoreServices.framework/Versions/A/Frameworks/CarbonCore.framework/Versions/A/CarbonCore
0x000000000ac21000 	/System/Library/Frameworks/CoreServices.framework/Versions/A/Frameworks/Metadata.framework/Versions/A/Metadata
0x000000000ac21000 	/System/Library/Frameworks/CoreServices.framework/Versions/A/Frameworks/OSServices.framework/Versions/A/OSServices
0x000000000ac21000 	/System/Library/Frameworks/CoreServices.framework/Versions/A/Frameworks/SearchKit.framework/Versions/A/SearchKit
0x000000000ac21000 	/System/Library/Frameworks/CoreServices.framework/Versions/A/Frameworks/AE.framework/Versions/A/AE
0x000000000ac21000 	/System/Library/Frameworks/CoreServices.framework/Versions/A/Frameworks/LaunchServices.framework/Versions/A/LaunchServices
0x000000000ac21000 	/System/Library/Frameworks/CoreServices.framework/Versions/A/Frameworks/DictionaryServices.framework/Versions/A/DictionaryServices
0x000000000ac21000 	/System/Library/Frameworks/CoreServices.framework/Versions/A/Frameworks/SharedFileList.framework/Versions/A/SharedFileList
0x000000000ac21000 	/System/Library/Frameworks/NetFS.framework/Versions/A/NetFS
0x000000000ac21000 	/System/Library/PrivateFrameworks/NetAuth.framework/Versions/A/NetAuth
0x000000000ac21000 	/System/Library/PrivateFrameworks/login.framework/Versions/A/Frameworks/loginsupport.framework/Versions/A/loginsupport
0x000000000ac21000 	/System/Library/PrivateFrameworks/TCC.framework/Versions/A/TCC
0x000000000ac21000 	/usr/lib/libmecabra.dylib
0x000000000ac21000 	/System/Library/Frameworks/ApplicationServices.framework/Versions/A/Frameworks/ATS.framework/Versions/A/ATS
0x000000000ac21000 	/System/Library/Frameworks/ApplicationServices.framework/Versions/A/Frameworks/ColorSync.framework/Versions/A/ColorSync
0x000000000ac21000 	/System/Library/Frameworks/ApplicationServices.framework/Versions/A/Frameworks/HIServices.framework/Versions/A/HIServices
0x000000000ac21000 	/System/Library/Frameworks/ApplicationServices.framework/Versions/A/Frameworks/LangAnalysis.framework/Versions/A/LangAnalysis
0x000000000ac21000 	/System/Library/Frameworks/ApplicationServices.framework/Versions/A/Frameworks/PrintCore.framework/Versions/A/PrintCore
0x000000000ac21000 	/System/Library/Frameworks/ApplicationServices.framework/Versions/A/Frameworks/QD.framework/Versions/A/QD
0x000000000ac21000 	/System/Library/Frameworks/ApplicationServices.framework/Versions/A/Frameworks/SpeechSynthesis.framework/Versions/A/SpeechSynthesis
0x000000000ac21000 	/System/Library/Frameworks/Metal.framework/Versions/A/Metal
0x000000000ac21000 	/System/Library/Frameworks/Accelerate.framework/Versions/A/Frameworks/vImage.framework/Versions/A/vImage
0x000000000ac21000 	/System/Library/Frameworks/Accelerate.framework/Versions/A/Frameworks/vecLib.framework/Versions/A/vecLib
0x000000000ac21000 	/System/Library/Frameworks/Accelerate.framework/Versions/A/Frameworks/vecLib.framework/Versions/A/libvDSP.dylib
0x000000000ac21000 	/System/Library/Frameworks/Accelerate.framework/Versions/A/Frameworks/vecLib.framework/Versions/A/libvMisc.dylib
0x000000000ac21000 	/System/Library/Frameworks/Accelerate.framework/Versions/A/Frameworks/vecLib.framework/Versions/A/libLAPACK.dylib
0x000000000ac21000 	/System/Library/Frameworks/Accelerate.framework/Versions/A/Frameworks/vecLib.framework/Versions/A/libBLAS.dylib
0x000000000ac21000 	/System/Library/Frameworks/Accelerate.framework/Versions/A/Frameworks/vecLib.framework/Versions/A/libLinearAlgebra.dylib
0x000000000ac21000 	/System/Library/Frameworks/Accelerate.framework/Versions/A/Frameworks/vecLib.framework/Versions/A/libSparseBLAS.dylib
0x000000000ac21000 	/System/Library/PrivateFrameworks/GPUCompiler.framework/libmetal_timestamp.dylib
0x000000000ac21000 	/System/Library/Frameworks/OpenGL.framework/Versions/A/Libraries/libCoreFSCache.dylib
0x000000000ac21000 	/System/Library/PrivateFrameworks/IOAccelerator.framework/Versions/A/IOAccelerator
0x000000000ac21000 	/System/Library/Frameworks/ApplicationServices.framework/Versions/A/Frameworks/ATS.framework/Versions/A/Resources/libFontParser.dylib
0x000000000ac21000 	/System/Library/Frameworks/ApplicationServices.framework/Versions/A/Frameworks/ATS.framework/Versions/A/Resources/libFontRegistry.dylib
0x000000000ac21000 	/System/Library/PrivateFrameworks/AppleVPA.framework/Versions/A/AppleVPA
0x000000000ac21000 	/System/Library/PrivateFrameworks/AppleJPEG.framework/Versions/A/AppleJPEG
0x000000000ac21000 	/System/Library/Frameworks/ImageIO.framework/Versions/A/Resources/libJPEG.dylib
0x000000000ac21000 	/System/Library/Frameworks/ImageIO.framework/Versions/A/Resources/libTIFF.dylib
0x000000000ac21000 	/System/Library/Frameworks/ImageIO.framework/Versions/A/Resources/libPng.dylib
0x000000000ac21000 	/System/Library/Frameworks/ImageIO.framework/Versions/A/Resources/libGIF.dylib
0x000000000ac21000 	/System/Library/Frameworks/ImageIO.framework/Versions/A/Resources/libJP2.dylib
0x000000000ac21000 	/System/Library/Frameworks/ImageIO.framework/Versions/A/Resources/libRadiance.dylib
0x000000000ac21000 	/System/Library/Frameworks/CoreVideo.framework/Versions/A/CoreVideo
0x000000000ac21000 	/System/Library/Frameworks/OpenGL.framework/Versions/A/Libraries/libGLU.dylib
0x000000000ac21000 	/System/Library/Frameworks/OpenGL.framework/Versions/A/Libraries/libGFXShared.dylib
0x000000000ac21000 	/System/Library/Frameworks/OpenGL.framework/Versions/A/Libraries/libGL.dylib
0x000000000ac21000 	/System/Library/Frameworks/OpenGL.framework/Versions/A/Libraries/libGLImage.dylib
0x000000000ac21000 	/System/Library/Frameworks/OpenGL.framework/Versions/A/Libraries/libCVMSPluginSupport.dylib
0x000000000ac21000 	/System/Library/Frameworks/OpenGL.framework/Versions/A/Libraries/libCoreVMClient.dylib
0x000000000ac21000 	/usr/lib/libcompression.dylib
0x000000000ac21000 	/usr/lib/libcups.2.dylib
0x000000000ac21000 	/System/Library/Frameworks/Kerberos.framework/Versions/A/Kerberos
0x000000000ac21000 	/System/Library/Frameworks/GSS.framework/Versions/A/GSS
0x000000000ac21000 	/usr/lib/libresolv.9.dylib
0x000000000ac21000 	/usr/lib/libiconv.2.dylib
0x000000000ac21000 	/System/Library/PrivateFrameworks/Heimdal.framework/Versions/A/Heimdal
0x000000000ac21000 	/usr/lib/libheimdal-asn1.dylib
0x000000000ac21000 	/System/Library/Frameworks/OpenDirectory.framework/Versions/A/OpenDirectory
0x000000000ac21000 	/System/Library/PrivateFrameworks/CommonAuth.framework/Versions/A/CommonAuth
0x000000000ac21000 	/System/Library/Frameworks/OpenDirectory.framework/Versions/A/Frameworks/CFOpenDirectory.framework/Versions/A/CFOpenDirectory
0x000000000ac21000 	/System/Library/Frameworks/SecurityFoundation.framework/Versions/A/SecurityFoundation
0x000000000ac21000 	/System/Library/PrivateFrameworks/LanguageModeling.framework/Versions/A/LanguageModeling
0x000000000ac21000 	/usr/lib/libmarisa.dylib
0x000000000ac21000 	/usr/lib/libChineseTokenizer.dylib
0x000000000ac21000 	/usr/lib/libcmph.dylib
0x000000000ac21000 	/System/Library/Frameworks/ServiceManagement.framework/Versions/A/ServiceManagement
0x000000000ac21000 	/usr/lib/libxslt.1.dylib
0x000000000ac21000 	/System/Library/Frameworks/Carbon.framework/Versions/A/Frameworks/Ink.framework/Versions/A/Ink
0x000000000ac21000 	/usr/lib/libFosl_dynamic.dylib
0x000000000ac21000 	/System/Library/PrivateFrameworks/FaceCore.framework/Versions/A/FaceCore
0x000000000ac21000 	/System/Library/Frameworks/OpenCL.framework/Versions/A/OpenCL
0x000000000ac21000 	/System/Library/PrivateFrameworks/CrashReporterSupport.framework/Versions/A/CrashReporterSupport
0x000000000ac21000 	/System/Library/PrivateFrameworks/IconServices.framework/Versions/A/IconServices
0x000000000ac21000 	/System/Library/PrivateFrameworks/Apple80211.framework/Versions/A/Apple80211
0x000000000ac21000 	/System/Library/Frameworks/CoreWLAN.framework/Versions/A/CoreWLAN
0x000000000ac21000 	/System/Library/Frameworks/IOBluetooth.framework/Versions/A/IOBluetooth
0x000000000ac21000 	/System/Library/PrivateFrameworks/CoreWiFi.framework/Versions/A/CoreWiFi
0x000000000ac21000 	/System/Library/Frameworks/CoreBluetooth.framework/Versions/A/CoreBluetooth
0x000000000ac21000 	/System/Library/PrivateFrameworks/ChunkingLibrary.framework/Versions/A/ChunkingLibrary
0x000000000ac21000 	/System/Library/PrivateFrameworks/DebugSymbols.framework/Versions/A/DebugSymbols
0x000000000ac21000 	/System/Library/PrivateFrameworks/CoreSymbolication.framework/Versions/A/CoreSymbolication
0x000000000ac21000 	/System/Library/PrivateFrameworks/Symbolication.framework/Versions/A/Symbolication
0x000000000ac21000 	/System/Library/PrivateFrameworks/SpeechRecognitionCore.framework/Versions/A/SpeechRecognitionCore
0x0000000106a03000 	/Library/Java/JavaVirtualMachines/jdk1.8.0_74.jdk/Contents/Home/jre/lib/server/libjvm.dylib
0x000000000ac21000 	/usr/lib/libstdc++.6.dylib
0x0000000107996000 	/Library/Java/JavaVirtualMachines/jdk1.8.0_74.jdk/Contents/Home/jre/lib/libverify.dylib
0x00000001079a4000 	/Library/Java/JavaVirtualMachines/jdk1.8.0_74.jdk/Contents/Home/jre/lib/libjava.dylib
0x0000000108200000 	/Library/Java/JavaVirtualMachines/jdk1.8.0_74.jdk/Contents/Home/jre/lib/libjdwp.dylib
0x00000001079da000 	/Library/Java/JavaVirtualMachines/jdk1.8.0_74.jdk/Contents/Home/jre/lib/libnpt.dylib
0x00000001079e7000 	/Library/Java/JavaVirtualMachines/jdk1.8.0_74.jdk/Contents/Home/jre/lib/libzip.dylib
0x000000011dbad000 	/System/Library/Frameworks/JavaVM.framework/Frameworks/JavaRuntimeSupport.framework/JavaRuntimeSupport
0x000000011dbc8000 	/System/Library/Frameworks/JavaVM.framework/Versions/A/Frameworks/JavaNativeFoundation.framework/Versions/A/JavaNativeFoundation
0x00000001079f1000 	/System/Library/Frameworks/JavaVM.framework/Versions/A/JavaVM
0x000000000ac21000 	/System/Library/Frameworks/Carbon.framework/Versions/A/Carbon
0x000000011dbdd000 	/System/Library/PrivateFrameworks/JavaLaunching.framework/Versions/A/JavaLaunching
0x000000000ac21000 	/System/Library/Frameworks/Carbon.framework/Versions/A/Frameworks/CommonPanels.framework/Versions/A/CommonPanels
0x000000000ac21000 	/System/Library/Frameworks/Carbon.framework/Versions/A/Frameworks/Help.framework/Versions/A/Help
0x000000000ac21000 	/System/Library/Frameworks/Carbon.framework/Versions/A/Frameworks/ImageCapture.framework/Versions/A/ImageCapture
0x000000000ac21000 	/System/Library/Frameworks/Carbon.framework/Versions/A/Frameworks/OpenScripting.framework/Versions/A/OpenScripting
0x000000000ac21000 	/System/Library/Frameworks/Carbon.framework/Versions/A/Frameworks/Print.framework/Versions/A/Print
0x000000000ac21000 	/System/Library/Frameworks/Carbon.framework/Versions/A/Frameworks/SecurityHI.framework/Versions/A/SecurityHI
0x000000011f4fd000 	/Library/Java/JavaVirtualMachines/jdk1.8.0_74.jdk/Contents/Home/jre/lib/libdt_socket.dylib
0x000000011f51a000 	/Library/Java/JavaVirtualMachines/jdk1.8.0_74.jdk/Contents/Home/jre/lib/libnet.dylib
0x000000011f5ee000 	/Library/Java/JavaVirtualMachines/jdk1.8.0_74.jdk/Contents/Home/jre/lib/libnio.dylib
0x000000011f5cc000 	/Library/Java/JavaVirtualMachines/jdk1.8.0_74.jdk/Contents/Home/jre/lib/libmanagement.dylib

VM Arguments:
jvm_args: -agentlib:jdwp=transport=dt_socket,suspend=y,address=localhost:61621 -Dlauncher.properties=/Users/carsten/git/skysail-webconsole/webconsole/generated/launch2964005697719262302.properties -Dfile.encoding=UTF-8 
java_command: aQute.launcher.Launcher
java_class_path (initial): /Users/carsten/.bnd/shacache/shas/EB85121A1F35E8C03CB2A6024FC3101E641456E9/org.apache.felix.framework-5.4.0.jar:/Users/carsten/git/skysail-webconsole/cnf/cache/3.2.0/biz.aQute.launcher/biz.aQute.launcher-3.2.0.jar
Launcher Type: SUN_STANDARD

Environment Variables:
PATH=/usr/bin:/bin:/usr/sbin:/sbin
SHELL=/bin/bash

Signal Handlers:
SIGSEGV: [libjvm.dylib+0x5a6855], sa_mask[0]=11111111011111110111111111111111, sa_flags=SA_ONSTACK|SA_RESTART|SA_SIGINFO
SIGBUS: [libjvm.dylib+0x5a6855], sa_mask[0]=11111111011111110111111111111111, sa_flags=SA_RESTART|SA_SIGINFO
SIGFPE: [libjvm.dylib+0x4804ec], sa_mask[0]=11111111011111110111111111111111, sa_flags=SA_RESTART|SA_SIGINFO
SIGPIPE: [libjvm.dylib+0x4804ec], sa_mask[0]=11111111011111110111111111111111, sa_flags=SA_RESTART|SA_SIGINFO
SIGXFSZ: [libjvm.dylib+0x4804ec], sa_mask[0]=11111111011111110111111111111111, sa_flags=SA_RESTART|SA_SIGINFO
SIGILL: [libjvm.dylib+0x4804ec], sa_mask[0]=11111111011111110111111111111111, sa_flags=SA_RESTART|SA_SIGINFO
SIGUSR1: SIG_DFL, sa_mask[0]=00000000000000000000000000000000, sa_flags=none
SIGUSR2: [libjvm.dylib+0x48000a], sa_mask[0]=00100000000000000000000000000000, sa_flags=SA_RESTART|SA_SIGINFO
SIGHUP: [libjvm.dylib+0x47e5e1], sa_mask[0]=11111111011111110111111111111111, sa_flags=SA_RESTART|SA_SIGINFO
SIGINT: [libjvm.dylib+0x47e5e1], sa_mask[0]=11111111011111110111111111111111, sa_flags=SA_RESTART|SA_SIGINFO
SIGTERM: [libjvm.dylib+0x47e5e1], sa_mask[0]=11111111011111110111111111111111, sa_flags=SA_RESTART|SA_SIGINFO
SIGQUIT: [libjvm.dylib+0x47e5e1], sa_mask[0]=11111111011111110111111111111111, sa_flags=SA_RESTART|SA_SIGINFO


---------------  S Y S T E M  ---------------

OS:Bsduname:Darwin 15.5.0 Darwin Kernel Version 15.5.0: Tue Apr 19 18:36:36 PDT 2016; root:xnu-3248.50.21~8/RELEASE_X86_64 x86_64
rlimit: STACK 8192k, CORE 0k, NPROC 709, NOFILE 10240, AS infinity
load average:3.66 3.27 3.38

CPU:total 4 (2 cores per cpu, 2 threads per core) family 6 model 69 stepping 1, cmov, cx8, fxsr, mmx, sse, sse2, sse3, ssse3, sse4.1, sse4.2, popcnt, avx, avx2, aes, clmul, erms, lzcnt, ht, tsc, tscinvbit, bmi1, bmi2

Memory: 4k page, physical 8388608k(40452k free)

/proc/meminfo:


vm_info: Java HotSpot(TM) 64-Bit Server VM (25.74-b02) for bsd-amd64 JRE (1.8.0_74-b02), built on Jan 29 2016 15:32:34 by "java_re" with gcc 4.2.1 (Based on Apple Inc. build 5658) (LLVM build 2336.11.00)

time: Tue Jun  7 06:50:03 2016
elapsed time: 87 seconds (0d 0h 1m 27s)

